<?xml version="1.0" encoding="UTF-8"?>
<testsuite xmlns:xsi="http://www.w3.org/2001/XMLSchema-instance" xsi:noNamespaceSchemaLocation="https://maven.apache.org/surefire/maven-surefire-plugin/xsd/surefire-test-report.xsd" name="TestSuite" time="1,022.754" tests="17" errors="0" skipped="0" failures="1">
  <properties>
[...]
</properties>
  <testcase name="SignIn_Successful_TC" classname="automation_Testcases.SignIn_Test" time="8.42"/>
  <testcase name="SignUp_Successful_TC" classname="automation_Testcases.SignUp_Test" time="2.96"/>
  <testcase name="Blank_Email_TC" classname="automation_Testcases.SignIn_Test" time="0.782"/>
  <testcase name="SignUp_Blank_FullName_TC" classname="automation_Testcases.SignUp_Test" time="1.015"/>
  <testcase name="Blank_Password_TC" classname="automation_Testcases.SignIn_Test" time="0.554"/>
  <testcase name="SignUp_Blank_Email_TC" classname="automation_Testcases.SignUp_Test" time="1.095"/>
  <testcase name="Invalid_EmailFormat_TC" classname="automation_Testcases.SignIn_Test" time="0.632"/>
  <testcase name="SignUp_Blank_Password_TC" classname="automation_Testcases.SignUp_Test" time="1.304"/>
  <testcase name="Incorrect_Password_TC" classname="automation_Testcases.SignIn_Test" time="2.9"/>
  <testcase name="SignUp_Invalid_EmailFormat_TC" classname="automation_Testcases.SignUp_Test" time="1.777"/>
  <testcase name="Unregistered_Email_TC" classname="automation_Testcases.SignIn_Test" time="1.501"/>
  <testcase name="SignUp_Invalid_PasswordFormat_TC" classname="automation_Testcases.SignUp_Test" time="2.013"/>
  <testcase name="ForgotPassword_Navigate_TC" classname="automation_Testcases.SignIn_Test" time="2.818"/>
  <testcase name="Registered_Email_TC" classname="automation_Testcases.SignUp_Test" time="6.523">
    <failure message="Validation message for invalid credentials is incorrect expected [true] but found [false]" type="java.lang.AssertionError">java.lang.AssertionError: Validation message for invalid credentials is incorrect expected [true] but found [false]
	at automation_Testcases.SignUp_Test.Registered_Email_TC(SignUp_Test.java:242)
</failure>
    <system-out><![CDATA[Driver is closed
Testcase name is : Registered_Email_TC
Excel file is opened
Cell value for 0 & 1 is: Test case name
Cell value for 1 & 1 is: SignIn_Successful_TC
Cell value for 2 & 1 is: Blank_Email_TC
Cell value for 3 & 1 is: Blank_Password_TC
Cell value for 4 & 1 is: Invalid_EmailFormat_TC
Cell value for 5 & 1 is: Incorrect_Password_TC
Cell value for 6 & 1 is: Unregistered_Email_TC
Cell value for 7 & 1 is: ForgotPassword_Navigate_TC
Cell value for 8 & 1 is: SignUp_Navigate_TC
Cell value for 9 & 1 is: 
Cell value for 10 & 1 is: Test case name
Cell value for 11 & 1 is: SignUp_Successful_TC
Cell value for 12 & 1 is: SignUp_Blank_FullName_TC
Cell value for 13 & 1 is: SignUp_Blank_Email_TC
Cell value for 14 & 1 is: SignUp_Blank_Password_TC
Cell value for 15 & 1 is: SignUp_Invalid_EmailFormat_TC
Cell value for 16 & 1 is: SignUp_Invalid_PasswordFormat_TC
Cell value for 17 & 1 is: Registered_Email_TC
Row no. matching is : 17
Returning row no : 17
Cell value for 17 & 6 is: chrome
Chrome driver is instantiated
Website is launched
Signup link is found on login page
Sign Up link is clicked
Cell value for 17 & 3 is: Dane
Cell value for 17 & 4 is: dane@mailinator.com
Cell value for 17 & 5 is: Gatesix12
Email id textbox is found on SignUp page
Dane : entered in Full Name textbox
Email id textbox is found on SignUp page
dane@mailinator.com : entered in Email textbox
Password textbox is found on SignUp page
Gatesix12 : entered in password textbox
SignUp button is found on SignUp page
Login button is clicked
Validation message for wrong credentials is found on SignUp page
[[ChromeDriver: chrome on XP (d0db569b3e72892a51e3297df6b29c77)] -> xpath: html/body/app-root/div/div/div/ng-component/div/div/div[1]/div[4]/div/alert/div] is visible 
]]></system-out>
    <system-err><![CDATA[Starting ChromeDriver 2.25.426923 (0390b88869384d6eb0d5d09729679f934aab9eed) on port 20458
Only local connections are allowed.
Aug 24, 2017 4:22:11 PM org.openqa.selenium.remote.ProtocolHandshake createSession
INFO: Detected dialect: OSS
]]></system-err>
  </testcase>
  <testcase name="SignUp_Navigate_TC" classname="automation_Testcases.SignIn_Test" time="0.255"/>
  <testcase name="Popup_Privacy_Policy_TC" classname="automation_Testcases.SignUp_Test" time="0.845"/>
  <testcase name="Popup_T_and_C_TC" classname="automation_Testcases.SignUp_Test" time="0.907"/>
</testsuite>