-------------------------------------------------------------------------------
Test set: TestSuite
-------------------------------------------------------------------------------
Tests run: 17, Failures: 1, Errors: 0, Skipped: 0, Time elapsed: 1,022.754 s <<< FAILURE! - in TestSuite
Registered_Email_TC(automation_Testcases.SignUp_Test)  Time elapsed: 6.523 s  <<< FAILURE!
java.lang.AssertionError: Validation message for invalid credentials is incorrect expected [true] but found [false]
	at automation_Testcases.SignUp_Test.Registered_Email_TC(SignUp_Test.java:242)

