<?xml version="1.0" encoding="UTF-8"?>
<testsuite xmlns:xsi="http://www.w3.org/2001/XMLSchema-instance" xsi:noNamespaceSchemaLocation="https://maven.apache.org/surefire/maven-surefire-plugin/xsd/surefire-test-report.xsd" name="TestSuite" time="1.283" tests="34" errors="0" skipped="32" failures="2">
  <properties>
[...]
</properties>
  <testcase name="BeforeMethod" classname="automation_Testcases.SignIn_Test" time="0.937">
    <failure message="org/apache/poi/ss/usermodel/Cell" type="java.lang.NoClassDefFoundError">java.lang.NoClassDefFoundError: org/apache/poi/ss/usermodel/Cell
	at automation_Testcases.SignIn_Test.BeforeMethod(SignIn_Test.java:41)
Caused by: java.lang.ClassNotFoundException: org.apache.poi.ss.usermodel.Cell
	at automation_Testcases.SignIn_Test.BeforeMethod(SignIn_Test.java:41)
</failure>
    <system-out><![CDATA[Testcase name is : SignIn_Successful_TC
****************************************************************************************
$$$$$$$$$$$$$$$$$$$$$                 SignIn_Successful_TC testcase has started      $$$$$$$$$$$$$$$$$$$$$$$$$
****************************************************************************************
]]></system-out>
  </testcase>
  <testcase name="BeforeMethod" classname="automation_Testcases.SignIn_Test" time="0">
    <skipped/>
  </testcase>
  <testcase name="BeforeMethod" classname="automation_Testcases.SignIn_Test" time="0">
    <skipped/>
  </testcase>
  <testcase name="BeforeMethod" classname="automation_Testcases.SignIn_Test" time="0">
    <skipped/>
  </testcase>
  <testcase name="BeforeMethod" classname="automation_Testcases.SignIn_Test" time="0">
    <skipped/>
  </testcase>
  <testcase name="BeforeMethod" classname="automation_Testcases.SignIn_Test" time="0">
    <skipped/>
  </testcase>
  <testcase name="BeforeMethod" classname="automation_Testcases.SignIn_Test" time="0">
    <skipped/>
  </testcase>
  <testcase name="BeforeMethod" classname="automation_Testcases.SignIn_Test" time="0">
    <skipped/>
  </testcase>
  <testcase name="SignIn_Successful_TC" classname="automation_Testcases.SignIn_Test" time="0">
    <skipped message="org/apache/poi/ss/usermodel/Cell"/>
  </testcase>
  <testcase name="Blank_Email_TC" classname="automation_Testcases.SignIn_Test" time="0">
    <skipped message="org/apache/poi/ss/usermodel/Cell"/>
  </testcase>
  <testcase name="Blank_Password_TC" classname="automation_Testcases.SignIn_Test" time="0">
    <skipped message="org/apache/poi/ss/usermodel/Cell"/>
  </testcase>
  <testcase name="Invalid_EmailFormat_TC" classname="automation_Testcases.SignIn_Test" time="0">
    <skipped message="org/apache/poi/ss/usermodel/Cell"/>
  </testcase>
  <testcase name="Incorrect_Password_TC" classname="automation_Testcases.SignIn_Test" time="0">
    <skipped message="org/apache/poi/ss/usermodel/Cell"/>
  </testcase>
  <testcase name="Unregistered_Email_TC" classname="automation_Testcases.SignIn_Test" time="0">
    <skipped message="org/apache/poi/ss/usermodel/Cell"/>
  </testcase>
  <testcase name="ForgotPassword_Navigate_TC" classname="automation_Testcases.SignIn_Test" time="0">
    <skipped message="org/apache/poi/ss/usermodel/Cell"/>
  </testcase>
  <testcase name="SignUp_Navigate_TC" classname="automation_Testcases.SignIn_Test" time="0">
    <skipped message="org/apache/poi/ss/usermodel/Cell"/>
  </testcase>
  <testcase name="BeforeMethod" classname="automation_Testcases.SignUp_Test" time="0.978">
    <failure message="org/apache/poi/ss/usermodel/Cell" type="java.lang.NoClassDefFoundError">java.lang.NoClassDefFoundError: org/apache/poi/ss/usermodel/Cell
	at automation_Testcases.SignUp_Test.BeforeMethod(SignUp_Test.java:39)
Caused by: java.lang.ClassNotFoundException: org.apache.poi.ss.usermodel.Cell
	at automation_Testcases.SignUp_Test.BeforeMethod(SignUp_Test.java:39)
</failure>
    <system-out><![CDATA[Testcase name is : SignUp_Successful_TC
****************************************************************************************
$$$$$$$$$$$$$$$$$$$$$                 SignUp_Successful_TC testcase has started      $$$$$$$$$$$$$$$$$$$$$$$$$
****************************************************************************************
]]></system-out>
  </testcase>
  <testcase name="BeforeMethod" classname="automation_Testcases.SignUp_Test" time="0">
    <skipped/>
  </testcase>
  <testcase name="BeforeMethod" classname="automation_Testcases.SignUp_Test" time="0">
    <skipped/>
  </testcase>
  <testcase name="BeforeMethod" classname="automation_Testcases.SignUp_Test" time="0">
    <skipped/>
  </testcase>
  <testcase name="BeforeMethod" classname="automation_Testcases.SignUp_Test" time="0">
    <skipped/>
  </testcase>
  <testcase name="BeforeMethod" classname="automation_Testcases.SignUp_Test" time="0">
    <skipped/>
  </testcase>
  <testcase name="BeforeMethod" classname="automation_Testcases.SignUp_Test" time="0">
    <skipped/>
  </testcase>
  <testcase name="BeforeMethod" classname="automation_Testcases.SignUp_Test" time="0">
    <skipped/>
  </testcase>
  <testcase name="BeforeMethod" classname="automation_Testcases.SignUp_Test" time="0">
    <skipped/>
  </testcase>
  <testcase name="SignUp_Successful_TC" classname="automation_Testcases.SignUp_Test" time="0">
    <skipped message="org/apache/poi/ss/usermodel/Cell"/>
  </testcase>
  <testcase name="SignUp_Blank_FullName_TC" classname="automation_Testcases.SignUp_Test" time="0">
    <skipped message="org/apache/poi/ss/usermodel/Cell"/>
  </testcase>
  <testcase name="SignUp_Blank_Email_TC" classname="automation_Testcases.SignUp_Test" time="0">
    <skipped message="org/apache/poi/ss/usermodel/Cell"/>
  </testcase>
  <testcase name="SignUp_Blank_Password_TC" classname="automation_Testcases.SignUp_Test" time="0">
    <skipped message="org/apache/poi/ss/usermodel/Cell"/>
  </testcase>
  <testcase name="SignUp_Invalid_EmailFormat_TC" classname="automation_Testcases.SignUp_Test" time="0">
    <skipped message="org/apache/poi/ss/usermodel/Cell"/>
  </testcase>
  <testcase name="SignUp_Invalid_PasswordFormat_TC" classname="automation_Testcases.SignUp_Test" time="0">
    <skipped message="org/apache/poi/ss/usermodel/Cell"/>
  </testcase>
  <testcase name="Registered_Email_TC" classname="automation_Testcases.SignUp_Test" time="0">
    <skipped message="org/apache/poi/ss/usermodel/Cell"/>
  </testcase>
  <testcase name="Popup_Privacy_Policy_TC" classname="automation_Testcases.SignUp_Test" time="0">
    <skipped message="org/apache/poi/ss/usermodel/Cell"/>
  </testcase>
  <testcase name="Popup_T_and_C_TC" classname="automation_Testcases.SignUp_Test" time="0">
    <skipped message="org/apache/poi/ss/usermodel/Cell"/>
  </testcase>
</testsuite>