<?xml version="1.0" encoding="UTF-8"?>
<testng-results skipped="0" failed="0" ignored="0" total="8" passed="8">
  <reporter-output>
  </reporter-output>
  <suite name="Default suite" duration-ms="381961" started-at="2017-08-11T11:25:12Z" finished-at="2017-08-11T11:31:34Z">
    <groups>
    </groups>
    <test name="Default test" duration-ms="381961" started-at="2017-08-11T11:25:12Z" finished-at="2017-08-11T11:31:34Z">
      <class name="automation_Testcases.SignIn_Test">
        <test-method status="PASS" signature="BeforeMethod(java.lang.reflect.Method)[pri:0, instance:automation_Testcases.SignIn_Test@51efea79]" name="BeforeMethod" is-config="true" duration-ms="52392" started-at="2017-08-11T16:55:12Z" finished-at="2017-08-11T16:56:04Z">
          <params>
            <param index="0">
              <value>
                <![CDATA[public void automation_Testcases.SignIn_Test.SignIn_Successful_TC() throws java.lang.Exception]]>
              </value>
            </param>
          </params>
          <reporter-output>
          </reporter-output>
        </test-method> <!-- BeforeMethod -->
        <test-method status="PASS" signature="SignIn_Successful_TC()[pri:0, instance:automation_Testcases.SignIn_Test@51efea79]" name="SignIn_Successful_TC" duration-ms="2775" started-at="2017-08-11T16:56:04Z" finished-at="2017-08-11T16:56:07Z">
          <reporter-output>
          </reporter-output>
        </test-method> <!-- SignIn_Successful_TC -->
        <test-method status="PASS" signature="AfterMethod()[pri:0, instance:automation_Testcases.SignIn_Test@51efea79]" name="AfterMethod" is-config="true" duration-ms="4272" started-at="2017-08-11T16:56:07Z" finished-at="2017-08-11T16:56:11Z">
          <reporter-output>
          </reporter-output>
        </test-method> <!-- AfterMethod -->
        <test-method status="PASS" signature="BeforeMethod(java.lang.reflect.Method)[pri:0, instance:automation_Testcases.SignIn_Test@51efea79]" name="BeforeMethod" is-config="true" duration-ms="39455" started-at="2017-08-11T16:56:11Z" finished-at="2017-08-11T16:56:51Z">
          <params>
            <param index="0">
              <value>
                <![CDATA[public void automation_Testcases.SignIn_Test.Blank_Email_TC() throws java.lang.Exception]]>
              </value>
            </param>
          </params>
          <reporter-output>
          </reporter-output>
        </test-method> <!-- BeforeMethod -->
        <test-method status="PASS" signature="Blank_Email_TC()[pri:1, instance:automation_Testcases.SignIn_Test@51efea79]" name="Blank_Email_TC" duration-ms="432" started-at="2017-08-11T16:56:51Z" finished-at="2017-08-11T16:56:51Z">
          <reporter-output>
          </reporter-output>
        </test-method> <!-- Blank_Email_TC -->
        <test-method status="PASS" signature="AfterMethod()[pri:0, instance:automation_Testcases.SignIn_Test@51efea79]" name="AfterMethod" is-config="true" duration-ms="938" started-at="2017-08-11T16:56:51Z" finished-at="2017-08-11T16:56:52Z">
          <reporter-output>
          </reporter-output>
        </test-method> <!-- AfterMethod -->
        <test-method status="PASS" signature="BeforeMethod(java.lang.reflect.Method)[pri:0, instance:automation_Testcases.SignIn_Test@51efea79]" name="BeforeMethod" is-config="true" duration-ms="39227" started-at="2017-08-11T16:56:52Z" finished-at="2017-08-11T16:57:31Z">
          <params>
            <param index="0">
              <value>
                <![CDATA[public void automation_Testcases.SignIn_Test.Blank_Password_TC() throws java.lang.Exception]]>
              </value>
            </param>
          </params>
          <reporter-output>
          </reporter-output>
        </test-method> <!-- BeforeMethod -->
        <test-method status="PASS" signature="Blank_Password_TC()[pri:2, instance:automation_Testcases.SignIn_Test@51efea79]" name="Blank_Password_TC" duration-ms="615" started-at="2017-08-11T16:57:31Z" finished-at="2017-08-11T16:57:32Z">
          <reporter-output>
          </reporter-output>
        </test-method> <!-- Blank_Password_TC -->
        <test-method status="PASS" signature="AfterMethod()[pri:0, instance:automation_Testcases.SignIn_Test@51efea79]" name="AfterMethod" is-config="true" duration-ms="911" started-at="2017-08-11T16:57:32Z" finished-at="2017-08-11T16:57:33Z">
          <reporter-output>
          </reporter-output>
        </test-method> <!-- AfterMethod -->
        <test-method status="PASS" signature="BeforeMethod(java.lang.reflect.Method)[pri:0, instance:automation_Testcases.SignIn_Test@51efea79]" name="BeforeMethod" is-config="true" duration-ms="52365" started-at="2017-08-11T16:57:33Z" finished-at="2017-08-11T16:58:25Z">
          <params>
            <param index="0">
              <value>
                <![CDATA[public void automation_Testcases.SignIn_Test.Invalid_EmailFormat_TC() throws java.lang.Exception]]>
              </value>
            </param>
          </params>
          <reporter-output>
          </reporter-output>
        </test-method> <!-- BeforeMethod -->
        <test-method status="PASS" signature="Invalid_EmailFormat_TC()[pri:3, instance:automation_Testcases.SignIn_Test@51efea79]" name="Invalid_EmailFormat_TC" duration-ms="527" started-at="2017-08-11T16:58:25Z" finished-at="2017-08-11T16:58:26Z">
          <reporter-output>
          </reporter-output>
        </test-method> <!-- Invalid_EmailFormat_TC -->
        <test-method status="PASS" signature="AfterMethod()[pri:0, instance:automation_Testcases.SignIn_Test@51efea79]" name="AfterMethod" is-config="true" duration-ms="895" started-at="2017-08-11T16:58:26Z" finished-at="2017-08-11T16:58:27Z">
          <reporter-output>
          </reporter-output>
        </test-method> <!-- AfterMethod -->
        <test-method status="PASS" signature="BeforeMethod(java.lang.reflect.Method)[pri:0, instance:automation_Testcases.SignIn_Test@51efea79]" name="BeforeMethod" is-config="true" duration-ms="80717" started-at="2017-08-11T16:58:27Z" finished-at="2017-08-11T16:59:47Z">
          <params>
            <param index="0">
              <value>
                <![CDATA[public void automation_Testcases.SignIn_Test.Incorrect_Password_TC() throws java.lang.Exception]]>
              </value>
            </param>
          </params>
          <reporter-output>
          </reporter-output>
        </test-method> <!-- BeforeMethod -->
        <test-method status="PASS" signature="Incorrect_Password_TC()[pri:4, instance:automation_Testcases.SignIn_Test@51efea79]" name="Incorrect_Password_TC" duration-ms="2091" started-at="2017-08-11T16:59:47Z" finished-at="2017-08-11T16:59:50Z">
          <reporter-output>
          </reporter-output>
        </test-method> <!-- Incorrect_Password_TC -->
        <test-method status="PASS" signature="AfterMethod()[pri:0, instance:automation_Testcases.SignIn_Test@51efea79]" name="AfterMethod" is-config="true" duration-ms="914" started-at="2017-08-11T16:59:50Z" finished-at="2017-08-11T16:59:50Z">
          <reporter-output>
          </reporter-output>
        </test-method> <!-- AfterMethod -->
        <test-method status="PASS" signature="BeforeMethod(java.lang.reflect.Method)[pri:0, instance:automation_Testcases.SignIn_Test@51efea79]" name="BeforeMethod" is-config="true" duration-ms="21279" started-at="2017-08-11T16:59:50Z" finished-at="2017-08-11T17:00:12Z">
          <params>
            <param index="0">
              <value>
                <![CDATA[public void automation_Testcases.SignIn_Test.Unregistered_Email_TC() throws java.lang.Exception]]>
              </value>
            </param>
          </params>
          <reporter-output>
          </reporter-output>
        </test-method> <!-- BeforeMethod -->
        <test-method status="PASS" signature="Unregistered_Email_TC()[pri:5, instance:automation_Testcases.SignIn_Test@51efea79]" name="Unregistered_Email_TC" duration-ms="1430" started-at="2017-08-11T17:00:12Z" finished-at="2017-08-11T17:00:13Z">
          <reporter-output>
          </reporter-output>
        </test-method> <!-- Unregistered_Email_TC -->
        <test-method status="PASS" signature="AfterMethod()[pri:0, instance:automation_Testcases.SignIn_Test@51efea79]" name="AfterMethod" is-config="true" duration-ms="938" started-at="2017-08-11T17:00:13Z" finished-at="2017-08-11T17:00:14Z">
          <reporter-output>
          </reporter-output>
        </test-method> <!-- AfterMethod -->
        <test-method status="PASS" signature="BeforeMethod(java.lang.reflect.Method)[pri:0, instance:automation_Testcases.SignIn_Test@51efea79]" name="BeforeMethod" is-config="true" duration-ms="36579" started-at="2017-08-11T17:00:14Z" finished-at="2017-08-11T17:00:51Z">
          <params>
            <param index="0">
              <value>
                <![CDATA[public void automation_Testcases.SignIn_Test.ForgotPassword_Navigate_TC() throws java.lang.Exception]]>
              </value>
            </param>
          </params>
          <reporter-output>
          </reporter-output>
        </test-method> <!-- BeforeMethod -->
        <test-method status="PASS" signature="ForgotPassword_Navigate_TC()[pri:6, instance:automation_Testcases.SignIn_Test@51efea79]" name="ForgotPassword_Navigate_TC" duration-ms="246" started-at="2017-08-11T17:00:51Z" finished-at="2017-08-11T17:00:51Z">
          <reporter-output>
          </reporter-output>
        </test-method> <!-- ForgotPassword_Navigate_TC -->
        <test-method status="PASS" signature="AfterMethod()[pri:0, instance:automation_Testcases.SignIn_Test@51efea79]" name="AfterMethod" is-config="true" duration-ms="987" started-at="2017-08-11T17:00:51Z" finished-at="2017-08-11T17:00:52Z">
          <reporter-output>
          </reporter-output>
        </test-method> <!-- AfterMethod -->
        <test-method status="PASS" signature="BeforeMethod(java.lang.reflect.Method)[pri:0, instance:automation_Testcases.SignIn_Test@51efea79]" name="BeforeMethod" is-config="true" duration-ms="40748" started-at="2017-08-11T17:00:52Z" finished-at="2017-08-11T17:01:33Z">
          <params>
            <param index="0">
              <value>
                <![CDATA[public void automation_Testcases.SignIn_Test.SignUp_Navigate_TC() throws java.lang.Exception]]>
              </value>
            </param>
          </params>
          <reporter-output>
          </reporter-output>
        </test-method> <!-- BeforeMethod -->
        <test-method status="PASS" signature="SignUp_Navigate_TC()[pri:7, instance:automation_Testcases.SignIn_Test@51efea79]" name="SignUp_Navigate_TC" duration-ms="239" started-at="2017-08-11T17:01:33Z" finished-at="2017-08-11T17:01:33Z">
          <reporter-output>
          </reporter-output>
        </test-method> <!-- SignUp_Navigate_TC -->
        <test-method status="PASS" signature="AfterMethod()[pri:0, instance:automation_Testcases.SignIn_Test@51efea79]" name="AfterMethod" is-config="true" duration-ms="918" started-at="2017-08-11T17:01:33Z" finished-at="2017-08-11T17:01:34Z">
          <reporter-output>
          </reporter-output>
        </test-method> <!-- AfterMethod -->
      </class> <!-- automation_Testcases.SignIn_Test -->
    </test> <!-- Default test -->
  </suite> <!-- Default suite -->
</testng-results>
