<?xml version="1.0" encoding="UTF-8"?>
<!-- Generated by org.testng.reporters.JUnitXMLReporter -->
<testsuite hostname="Desk-67A" ignored="0" name="Default test" tests="8" failures="0" timestamp="11 Aug 2017 11:31:34 GMT" time="381.961" errors="0">
  <testcase name="SignIn_Successful_TC" time="2.775" classname="automation_Testcases.SignIn_Test"/>
  <testcase name="Blank_Email_TC" time="0.432" classname="automation_Testcases.SignIn_Test"/>
  <testcase name="Blank_Password_TC" time="0.615" classname="automation_Testcases.SignIn_Test"/>
  <testcase name="Invalid_EmailFormat_TC" time="0.527" classname="automation_Testcases.SignIn_Test"/>
  <testcase name="Incorrect_Password_TC" time="2.091" classname="automation_Testcases.SignIn_Test"/>
  <testcase name="Unregistered_Email_TC" time="1.43" classname="automation_Testcases.SignIn_Test"/>
  <testcase name="ForgotPassword_Navigate_TC" time="0.246" classname="automation_Testcases.SignIn_Test"/>
  <testcase name="SignUp_Navigate_TC" time="0.239" classname="automation_Testcases.SignIn_Test"/>
</testsuite> <!-- Default test -->
