<?xml version="1.0" encoding="UTF-8"?>
<!-- Generated by org.testng.reporters.JUnitXMLReporter -->
<testsuite hostname="Desk-67A" ignored="0" name="Test" tests="17" failures="0" timestamp="25 Aug 2017 08:52:07 GMT" time="696.625" errors="0">
  <testcase name="SignIn_Successful_TC" time="4.033" classname="automation_Testcases.SignIn_Test"/>
  <testcase name="Blank_Email_TC" time="0.559" classname="automation_Testcases.SignIn_Test"/>
  <testcase name="Blank_Password_TC" time="0.646" classname="automation_Testcases.SignIn_Test"/>
  <testcase name="Invalid_EmailFormat_TC" time="0.712" classname="automation_Testcases.SignIn_Test"/>
  <testcase name="Incorrect_Password_TC" time="1.512" classname="automation_Testcases.SignIn_Test"/>
  <testcase name="Unregistered_Email_TC" time="1.511" classname="automation_Testcases.SignIn_Test"/>
  <testcase name="ForgotPassword_Navigate_TC" time="0.316" classname="automation_Testcases.SignIn_Test"/>
  <testcase name="SignUp_Navigate_TC" time="0.245" classname="automation_Testcases.SignIn_Test"/>
  <testcase name="SignUp_Successful_TC" time="0.717" classname="automation_Testcases.SignUp_Test"/>
  <testcase name="SignUp_Blank_FullName_TC" time="0.808" classname="automation_Testcases.SignUp_Test"/>
  <testcase name="SignUp_Blank_Email_TC" time="0.752" classname="automation_Testcases.SignUp_Test"/>
  <testcase name="SignUp_Blank_Password_TC" time="0.809" classname="automation_Testcases.SignUp_Test"/>
  <testcase name="SignUp_Invalid_EmailFormat_TC" time="0.839" classname="automation_Testcases.SignUp_Test"/>
  <testcase name="SignUp_Invalid_PasswordFormat_TC" time="0.876" classname="automation_Testcases.SignUp_Test"/>
  <testcase name="Registered_Email_TC" time="2.077" classname="automation_Testcases.SignUp_Test"/>
  <testcase name="Popup_Privacy_Policy_TC" time="0.835" classname="automation_Testcases.SignUp_Test"/>
  <testcase name="Popup_T_and_C_TC" time="1.309" classname="automation_Testcases.SignUp_Test"/>
</testsuite> <!-- Test -->
