<?xml version="1.0" encoding="UTF-8"?>
<testng-results skipped="0" failed="0" ignored="0" total="1" passed="1">
  <reporter-output>
  </reporter-output>
  <suite name="Suite" duration-ms="65527" started-at="2017-08-22T09:29:43Z" finished-at="2017-08-22T09:30:49Z">
    <groups>
    </groups>
    <test name="Test" duration-ms="65527" started-at="2017-08-22T09:29:43Z" finished-at="2017-08-22T09:30:49Z">
      <class name="com.test1.test.SignIn_PageTest">
        <test-method status="PASS" signature="SignIn_test()[pri:0, instance:com.test1.test.SignIn_PageTest@59fa1d9b]" name="SignIn_test" duration-ms="65457" started-at="2017-08-22T14:59:43Z" finished-at="2017-08-22T15:00:49Z">
          <reporter-output>
          </reporter-output>
        </test-method> <!-- SignIn_test -->
      </class> <!-- com.test1.test.SignIn_PageTest -->
    </test> <!-- Test -->
  </suite> <!-- Suite -->
</testng-results>
